2020-01-09 18:55:52.199 org.yliu.mui.mapper: debug 9052 --- [restartedMain] com.cointer.Application                  : Starting Application on SKY-20190119SNG with PID 9052 (D:\workSpace\LittleGameMng\target\classes started by Administrator in D:\workSpace\LittleGameMng)
2020-01-09 18:55:52.202 org.yliu.mui.mapper: debug 9052 --- [restartedMain] com.cointer.Application                  : The following profiles are active: pro
2020-01-09 18:55:52.204 org.yliu.mui.mapper: debug 9052 --- [restartedMain] ConfigServletWebServerApplicationContext : Refreshing org.springframework.boot.web.servlet.context.AnnotationConfigServletWebServerApplicationContext@7d9030eb: startup date [Thu Jan 09 18:55:52 CST 2020]; root of context hierarchy
2020-01-09 18:55:52.469 org.yliu.mui.mapper: debug 9052 --- [restartedMain] .s.d.r.c.RepositoryConfigurationDelegate : Multiple Spring Data modules found, entering strict repository configuration mode!
2020-01-09 18:55:52.533 org.yliu.mui.mapper: debug 9052 --- [restartedMain] trationDelegate$BeanPostProcessorChecker : Bean 'org.springframework.transaction.annotation.ProxyTransactionManagementConfiguration' of type [org.springframework.transaction.annotation.ProxyTransactionManagementConfiguration$$EnhancerBySpringCGLIB$$36602dee] is not eligible for getting processed by all BeanPostProcessors (for example: not eligible for auto-proxying)
2020-01-09 18:55:52.623 org.yliu.mui.mapper: debug 9052 --- [restartedMain] o.s.b.w.embedded.tomcat.TomcatWebServer  : Tomcat initialized with port(s): 8088 (http)
2020-01-09 18:55:52.624 org.yliu.mui.mapper: debug 9052 --- [restartedMain] o.apache.catalina.core.StandardService   : Starting service [Tomcat]
2020-01-09 18:55:52.624 org.yliu.mui.mapper: debug 9052 --- [restartedMain] org.apache.catalina.core.StandardEngine  : Starting Servlet Engine: Apache Tomcat/8.5.34
2020-01-09 18:55:52.642 org.yliu.mui.mapper: debug 9052 --- [localhost-startStop-1] o.a.c.c.C.[.[localhost].[/GameUser]      : Initializing Spring embedded WebApplicationContext
2020-01-09 18:55:52.644 org.yliu.mui.mapper: debug 9052 --- [localhost-startStop-1] o.s.web.context.ContextLoader            : Root WebApplicationContext: initialization completed in 440 ms
2020-01-09 18:55:52.651 org.yliu.mui.mapper: debug 9052 --- [localhost-startStop-1] com.cointer.config.DruidConfig           : init Druid Servlet Configuration 
2020-01-09 18:55:52.663 org.yliu.mui.mapper: debug 9052 --- [localhost-startStop-1] o.s.b.w.servlet.ServletRegistrationBean  : Servlet statViewServlet mapped to [/druid/*]
2020-01-09 18:55:52.664 org.yliu.mui.mapper: debug 9052 --- [localhost-startStop-1] o.s.b.w.servlet.ServletRegistrationBean  : Servlet dispatcherServlet mapped to [/]
2020-01-09 18:55:52.664 org.yliu.mui.mapper: debug 9052 --- [localhost-startStop-1] o.s.b.w.servlet.FilterRegistrationBean   : Mapping filter: 'characterEncodingFilter' to: [/*]
2020-01-09 18:55:52.665 org.yliu.mui.mapper: debug 9052 --- [localhost-startStop-1] o.s.b.w.servlet.FilterRegistrationBean   : Mapping filter: 'webStatFilter' to urls: [/*]
2020-01-09 18:55:52.665 org.yliu.mui.mapper: debug 9052 --- [localhost-startStop-1] o.s.b.w.servlet.FilterRegistrationBean   : Mapping filter: 'corsFilter' to: [/*]
2020-01-09 18:55:52.694 org.yliu.mui.mapper: debug 9052 --- [restartedMain] com.cointer.config.RedisConfig           : JedisPool注入成功！MaxTotal:32
2020-01-09 18:55:52.694 org.yliu.mui.mapper: debug 9052 --- [restartedMain] com.cointer.config.RedisConfig           : redis地址：127.0.0.1:6379
2020-01-09 18:55:52.798 org.yliu.mui.mapper: debug 9052 --- [restartedMain] s.w.s.m.m.a.RequestMappingHandlerMapping : Mapped "{[/coin/unfreeze]}" onto public java.lang.String com.cointer.controller.CoinInfoController.unFreeze(java.lang.String)
2020-01-09 18:55:52.799 org.yliu.mui.mapper: debug 9052 --- [restartedMain] s.w.s.m.m.a.RequestMappingHandlerMapping : Mapped "{[/coin/billsList]}" onto public java.lang.String com.cointer.controller.CoinInfoController.billsList(java.lang.String)
2020-01-09 18:55:52.799 org.yliu.mui.mapper: debug 9052 --- [restartedMain] s.w.s.m.m.a.RequestMappingHandlerMapping : Mapped "{[/coin/freezeList]}" onto public java.lang.String com.cointer.controller.CoinInfoController.freezeList(java.lang.String)
2020-01-09 18:55:52.799 org.yliu.mui.mapper: debug 9052 --- [restartedMain] s.w.s.m.m.a.RequestMappingHandlerMapping : Mapped "{[/deal/extractOrder]}" onto public java.lang.String com.cointer.controller.DealController.extractOrder(java.lang.String)
2020-01-09 18:55:52.799 org.yliu.mui.mapper: debug 9052 --- [restartedMain] s.w.s.m.m.a.RequestMappingHandlerMapping : Mapped "{[/deal/extractPwd]}" onto public java.lang.String com.cointer.controller.DealController.extractPwd(java.lang.String)
2020-01-09 18:55:52.799 org.yliu.mui.mapper: debug 9052 --- [restartedMain] s.w.s.m.m.a.RequestMappingHandlerMapping : Mapped "{[/deal/coinDeal]}" onto public java.lang.String com.cointer.controller.DealController.coinDeal(java.lang.String)
2020-01-09 18:55:52.799 org.yliu.mui.mapper: debug 9052 --- [restartedMain] s.w.s.m.m.a.RequestMappingHandlerMapping : Mapped "{[/deal/recover]}" onto public java.lang.String com.cointer.controller.DealController.coinRecover(java.lang.String)
2020-01-09 18:55:52.800 org.yliu.mui.mapper: debug 9052 --- [restartedMain] s.w.s.m.m.a.RequestMappingHandlerMapping : Mapped "{[/exchange/extract]}" onto public java.lang.String com.cointer.controller.ExchangeController.extract(java.lang.String)
2020-01-09 18:55:52.800 org.yliu.mui.mapper: debug 9052 --- [restartedMain] s.w.s.m.m.a.RequestMappingHandlerMapping : Mapped "{[/exchange/orderInfo]}" onto public java.lang.String com.cointer.controller.ExchangeController.orderInfo(java.lang.String)
2020-01-09 18:55:52.800 org.yliu.mui.mapper: debug 9052 --- [restartedMain] s.w.s.m.m.a.RequestMappingHandlerMapping : Mapped "{[/exchange/checkFreeze]}" onto public java.lang.String com.cointer.controller.ExchangeController.checkFreeze(java.lang.String)
2020-01-09 18:55:52.800 org.yliu.mui.mapper: debug 9052 --- [restartedMain] s.w.s.m.m.a.RequestMappingHandlerMapping : Mapped "{[/exchange/chargeOrder]}" onto public java.lang.String com.cointer.controller.ExchangeController.chargeOrder(java.lang.String)
2020-01-09 18:55:52.801 org.yliu.mui.mapper: debug 9052 --- [restartedMain] s.w.s.m.m.a.RequestMappingHandlerMapping : Mapped "{[/mineral/presenterMembers]}" onto public java.lang.String com.cointer.controller.MineralController.presenterMembers(java.lang.String)
2020-01-09 18:55:52.801 org.yliu.mui.mapper: debug 9052 --- [restartedMain] s.w.s.m.m.a.RequestMappingHandlerMapping : Mapped "{[/mineral/digMineral]}" onto public java.lang.String com.cointer.controller.MineralController.digMineral(java.lang.String)
2020-01-09 18:55:52.801 org.yliu.mui.mapper: debug 9052 --- [restartedMain] s.w.s.m.m.a.RequestMappingHandlerMapping : Mapped "{[/mineral/getMineral]}" onto public java.lang.String com.cointer.controller.MineralController.getMineral(java.lang.String)
2020-01-09 18:55:52.801 org.yliu.mui.mapper: debug 9052 --- [restartedMain] s.w.s.m.m.a.RequestMappingHandlerMapping : Mapped "{[/mineral/useMineralCode]}" onto public java.lang.String com.cointer.controller.MineralController.useMineralCode(java.lang.String)
2020-01-09 18:55:52.801 org.yliu.mui.mapper: debug 9052 --- [restartedMain] s.w.s.m.m.a.RequestMappingHandlerMapping : Mapped "{[/mineral/mineralBillsList]}" onto public java.lang.String com.cointer.controller.MineralController.mineralBillsList(java.lang.String)
2020-01-09 18:55:52.802 org.yliu.mui.mapper: debug 9052 --- [restartedMain] s.w.s.m.m.a.RequestMappingHandlerMapping : Mapped "{[/user/addPhoto]}" onto public java.lang.String com.cointer.controller.UserController.addPhoto(java.lang.String)
2020-01-09 18:55:52.802 org.yliu.mui.mapper: debug 9052 --- [restartedMain] s.w.s.m.m.a.RequestMappingHandlerMapping : Mapped "{[/user/remotePlats]}" onto public java.lang.String com.cointer.controller.UserController.remotePlats(java.lang.String)
2020-01-09 18:55:52.802 org.yliu.mui.mapper: debug 9052 --- [restartedMain] s.w.s.m.m.a.RequestMappingHandlerMapping : Mapped "{[/user/registOrLogin]}" onto public java.lang.String com.cointer.controller.UserController.login(java.lang.String)
2020-01-09 18:55:52.802 org.yliu.mui.mapper: debug 9052 --- [restartedMain] s.w.s.m.m.a.RequestMappingHandlerMapping : Mapped "{[/user/bindRemoteUser]}" onto public java.lang.String com.cointer.controller.UserController.bindRemoteUser(java.lang.String)
2020-01-09 18:55:52.802 org.yliu.mui.mapper: debug 9052 --- [restartedMain] s.w.s.m.m.a.RequestMappingHandlerMapping : Mapped "{[/user/remotePlatUserInfo]}" onto public java.lang.String com.cointer.controller.UserController.remotePlatUserInfo(java.lang.String)
2020-01-09 18:55:52.804 org.yliu.mui.mapper: debug 9052 --- [restartedMain] s.w.s.m.m.a.RequestMappingHandlerMapping : Mapped "{[/error]}" onto public org.springframework.http.ResponseEntity<java.util.Map<java.lang.String, java.lang.Object>> org.springframework.boot.autoconfigure.web.servlet.error.BasicErrorController.error(javax.servlet.http.HttpServletRequest)
2020-01-09 18:55:52.804 org.yliu.mui.mapper: debug 9052 --- [restartedMain] s.w.s.m.m.a.RequestMappingHandlerMapping : Mapped "{[/error],produces=[text/html]}" onto public org.springframework.web.servlet.ModelAndView org.springframework.boot.autoconfigure.web.servlet.error.BasicErrorController.errorHtml(javax.servlet.http.HttpServletRequest,javax.servlet.http.HttpServletResponse)
2020-01-09 18:55:52.821 org.yliu.mui.mapper: debug 9052 --- [restartedMain] s.w.s.m.m.a.RequestMappingHandlerAdapter : Looking for @ControllerAdvice: org.springframework.boot.web.servlet.context.AnnotationConfigServletWebServerApplicationContext@7d9030eb: startup date [Thu Jan 09 18:55:52 CST 2020]; root of context hierarchy
2020-01-09 18:55:52.900 org.yliu.mui.mapper: debug 9052 --- [restartedMain] org.thymeleaf.templatemode.TemplateMode  : [THYMELEAF][restartedMain] Template Mode 'HTML5' is deprecated. Using Template Mode 'HTML' instead.
2020-01-09 18:55:52.932 org.yliu.mui.mapper: debug 9052 --- [restartedMain] o.s.b.d.a.OptionalLiveReloadServer       : LiveReload server is running on port 35729
2020-01-09 18:55:52.948 org.yliu.mui.mapper: debug 9052 --- [restartedMain] o.s.j.e.a.AnnotationMBeanExporter        : Registering beans for JMX exposure on startup
2020-01-09 18:55:52.949 org.yliu.mui.mapper: debug 9052 --- [restartedMain] o.s.j.e.a.AnnotationMBeanExporter        : Bean with name 'dataSource' has been autodetected for JMX exposure
2020-01-09 18:55:52.951 org.yliu.mui.mapper: debug 9052 --- [restartedMain] o.s.j.e.a.AnnotationMBeanExporter        : Located MBean 'dataSource': registering with JMX server as MBean [com.alibaba.druid.pool:name=dataSource,type=DruidDataSource]
2020-01-09 18:55:52.956 org.yliu.mui.mapper: debug 9052 --- [restartedMain] o.apache.catalina.core.StandardService   : Failed to start connector [Connector[HTTP/1.1-8088]]

org.apache.catalina.LifecycleException: Failed to start component [Connector[HTTP/1.1-8088]]
	at org.apache.catalina.util.LifecycleBase.start(LifecycleBase.java:167) ~[tomcat-embed-core-8.5.34.jar:8.5.34]
	at org.apache.catalina.core.StandardService.addConnector(StandardService.java:225) ~[tomcat-embed-core-8.5.34.jar:8.5.34]
	at org.springframework.boot.web.embedded.tomcat.TomcatWebServer.addPreviouslyRemovedConnectors(TomcatWebServer.java:261) [spring-boot-2.0.6.RELEASE.jar:2.0.6.RELEASE]
	at org.springframework.boot.web.embedded.tomcat.TomcatWebServer.start(TomcatWebServer.java:198) [spring-boot-2.0.6.RELEASE.jar:2.0.6.RELEASE]
	at org.springframework.boot.web.servlet.context.ServletWebServerApplicationContext.startWebServer(ServletWebServerApplicationContext.java:300) [spring-boot-2.0.6.RELEASE.jar:2.0.6.RELEASE]
	at org.springframework.boot.web.servlet.context.ServletWebServerApplicationContext.finishRefresh(ServletWebServerApplicationContext.java:162) [spring-boot-2.0.6.RELEASE.jar:2.0.6.RELEASE]
	at org.springframework.context.support.AbstractApplicationContext.refresh(AbstractApplicationContext.java:551) [spring-context-5.0.10.RELEASE.jar:5.0.10.RELEASE]
	at org.springframework.boot.web.servlet.context.ServletWebServerApplicationContext.refresh(ServletWebServerApplicationContext.java:140) [spring-boot-2.0.6.RELEASE.jar:2.0.6.RELEASE]
	at org.springframework.boot.SpringApplication.refresh(SpringApplication.java:754) [spring-boot-2.0.6.RELEASE.jar:2.0.6.RELEASE]
	at org.springframework.boot.SpringApplication.refreshContext(SpringApplication.java:386) [spring-boot-2.0.6.RELEASE.jar:2.0.6.RELEASE]
	at org.springframework.boot.SpringApplication.run(SpringApplication.java:307) [spring-boot-2.0.6.RELEASE.jar:2.0.6.RELEASE]
	at org.springframework.boot.SpringApplication.run(SpringApplication.java:1242) [spring-boot-2.0.6.RELEASE.jar:2.0.6.RELEASE]
	at org.springframework.boot.SpringApplication.run(SpringApplication.java:1230) [spring-boot-2.0.6.RELEASE.jar:2.0.6.RELEASE]
	at com.cointer.Application.main(Application.java:16) [classes/:na]
	at sun.reflect.NativeMethodAccessorImpl.invoke0(Native Method) ~[na:1.8.0_181]
	at sun.reflect.NativeMethodAccessorImpl.invoke(NativeMethodAccessorImpl.java:62) ~[na:1.8.0_181]
	at sun.reflect.DelegatingMethodAccessorImpl.invoke(DelegatingMethodAccessorImpl.java:43) ~[na:1.8.0_181]
	at java.lang.reflect.Method.invoke(Method.java:498) ~[na:1.8.0_181]
	at org.springframework.boot.devtools.restart.RestartLauncher.run(RestartLauncher.java:49) [spring-boot-devtools-2.0.6.RELEASE.jar:2.0.6.RELEASE]
Caused by: org.apache.catalina.LifecycleException: Protocol handler start failed
	at org.apache.catalina.connector.Connector.startInternal(Connector.java:1020) ~[tomcat-embed-core-8.5.34.jar:8.5.34]
	at org.apache.catalina.util.LifecycleBase.start(LifecycleBase.java:150) ~[tomcat-embed-core-8.5.34.jar:8.5.34]
	... 18 common frames omitted
Caused by: java.net.BindException: Address already in use: bind
	at sun.nio.ch.Net.bind0(Native Method) ~[na:1.8.0_181]
	at sun.nio.ch.Net.bind(Net.java:433) ~[na:1.8.0_181]
	at sun.nio.ch.Net.bind(Net.java:425) ~[na:1.8.0_181]
	at sun.nio.ch.ServerSocketChannelImpl.bind(ServerSocketChannelImpl.java:223) ~[na:1.8.0_181]
	at sun.nio.ch.ServerSocketAdaptor.bind(ServerSocketAdaptor.java:74) ~[na:1.8.0_181]
	at org.apache.tomcat.util.net.NioEndpoint.bind(NioEndpoint.java:219) ~[tomcat-embed-core-8.5.34.jar:8.5.34]
	at org.apache.tomcat.util.net.AbstractEndpoint.start(AbstractEndpoint.java:1151) ~[tomcat-embed-core-8.5.34.jar:8.5.34]
	at org.apache.coyote.AbstractProtocol.start(AbstractProtocol.java:591) ~[tomcat-embed-core-8.5.34.jar:8.5.34]
	at org.apache.catalina.connector.Connector.startInternal(Connector.java:1018) ~[tomcat-embed-core-8.5.34.jar:8.5.34]
	... 19 common frames omitted

2020-01-09 18:55:52.957 org.yliu.mui.mapper: debug 9052 --- [restartedMain] o.apache.catalina.core.StandardService   : Stopping service [Tomcat]
2020-01-09 18:55:52.963 org.yliu.mui.mapper: debug 9052 --- [restartedMain] ConditionEvaluationReportLoggingListener : 

Error starting ApplicationContext. To display the conditions report re-run your application with 'debug' enabled.
2020-01-09 18:55:52.967 org.yliu.mui.mapper: debug 9052 --- [restartedMain] o.s.b.d.LoggingFailureAnalysisReporter   : 

***************************
APPLICATION FAILED TO START
***************************

Description:

The Tomcat connector configured to listen on port 8088 failed to start. The port may already be in use or the connector may be misconfigured.

Action:

Verify the connector's configuration, identify and stop any process that's listening on port 8088, or configure this application to listen on another port.

2020-01-09 18:55:52.968 org.yliu.mui.mapper: debug 9052 --- [restartedMain] ConfigServletWebServerApplicationContext : Closing org.springframework.boot.web.servlet.context.AnnotationConfigServletWebServerApplicationContext@7d9030eb: startup date [Thu Jan 09 18:55:52 CST 2020]; root of context hierarchy
2020-01-09 18:55:52.970 org.yliu.mui.mapper: debug 9052 --- [restartedMain] o.s.j.e.a.AnnotationMBeanExporter        : Unregistering JMX-exposed beans on shutdown
2020-01-09 18:55:52.971 org.yliu.mui.mapper: debug 9052 --- [restartedMain] o.s.j.e.a.AnnotationMBeanExporter        : Unregistering JMX-exposed beans
2020-01-09 18:56:11.174 org.yliu.mui.mapper: debug 9052 --- [restartedMain] com.cointer.Application                  : Starting Application on SKY-20190119SNG with PID 9052 (D:\workSpace\LittleGameMng\target\classes started by Administrator in D:\workSpace\LittleGameMng)
2020-01-09 18:56:11.174 org.yliu.mui.mapper: debug 9052 --- [restartedMain] com.cointer.Application                  : The following profiles are active: pro
2020-01-09 18:56:11.176 org.yliu.mui.mapper: debug 9052 --- [restartedMain] ConfigServletWebServerApplicationContext : Refreshing org.springframework.boot.web.servlet.context.AnnotationConfigServletWebServerApplicationContext@7f818366: startup date [Thu Jan 09 18:56:11 CST 2020]; root of context hierarchy
2020-01-09 18:56:11.350 org.yliu.mui.mapper: debug 9052 --- [restartedMain] o.m.s.mapper.ClassPathMapperScanner      : No MyBatis mapper was found in '[com.cointer.mapper]' package. Please check your configuration.
2020-01-09 18:56:11.377 org.yliu.mui.mapper: debug 9052 --- [restartedMain] o.m.s.mapper.ClassPathMapperScanner      : No MyBatis mapper was found in '[com.cointer]' package. Please check your configuration.
2020-01-09 18:56:11.384 org.yliu.mui.mapper: debug 9052 --- [restartedMain] .s.d.r.c.RepositoryConfigurationDelegate : Multiple Spring Data modules found, entering strict repository configuration mode!
2020-01-09 18:56:11.425 org.yliu.mui.mapper: debug 9052 --- [restartedMain] trationDelegate$BeanPostProcessorChecker : Bean 'org.springframework.transaction.annotation.ProxyTransactionManagementConfiguration' of type [org.springframework.transaction.annotation.ProxyTransactionManagementConfiguration$$EnhancerBySpringCGLIB$$36602dee] is not eligible for getting processed by all BeanPostProcessors (for example: not eligible for auto-proxying)
2020-01-09 18:56:11.496 org.yliu.mui.mapper: debug 9052 --- [restartedMain] o.s.b.w.embedded.tomcat.TomcatWebServer  : Tomcat initialized with port(s): 8088 (http)
2020-01-09 18:56:11.497 org.yliu.mui.mapper: debug 9052 --- [restartedMain] o.apache.catalina.core.StandardService   : Starting service [Tomcat]
2020-01-09 18:56:11.497 org.yliu.mui.mapper: debug 9052 --- [restartedMain] org.apache.catalina.core.StandardEngine  : Starting Servlet Engine: Apache Tomcat/8.5.34
2020-01-09 18:56:11.512 org.yliu.mui.mapper: debug 9052 --- [localhost-startStop-1] o.a.c.c.C.[.[localhost].[/GameUser]      : Initializing Spring embedded WebApplicationContext
2020-01-09 18:56:11.513 org.yliu.mui.mapper: debug 9052 --- [localhost-startStop-1] o.s.web.context.ContextLoader            : Root WebApplicationContext: initialization completed in 337 ms
2020-01-09 18:56:11.544 org.yliu.mui.mapper: debug 9052 --- [localhost-startStop-1] o.s.b.w.servlet.ServletRegistrationBean  : Servlet dispatcherServlet mapped to [/]
2020-01-09 18:56:11.544 org.yliu.mui.mapper: debug 9052 --- [localhost-startStop-1] o.s.b.w.servlet.FilterRegistrationBean   : Mapping filter: 'characterEncodingFilter' to: [/*]
2020-01-09 18:56:11.544 org.yliu.mui.mapper: debug 9052 --- [localhost-startStop-1] o.s.b.w.servlet.FilterRegistrationBean   : Mapping filter: 'hiddenHttpMethodFilter' to: [/*]
2020-01-09 18:56:11.544 org.yliu.mui.mapper: debug 9052 --- [localhost-startStop-1] o.s.b.w.servlet.FilterRegistrationBean   : Mapping filter: 'httpPutFormContentFilter' to: [/*]
2020-01-09 18:56:11.544 org.yliu.mui.mapper: debug 9052 --- [localhost-startStop-1] o.s.b.w.servlet.FilterRegistrationBean   : Mapping filter: 'requestContextFilter' to: [/*]
2020-01-09 18:56:11.570 org.yliu.mui.mapper: debug 9052 --- [restartedMain] o.s.w.s.handler.SimpleUrlHandlerMapping  : Mapped URL path [/**/favicon.ico] onto handler of type [class org.springframework.web.servlet.resource.ResourceHttpRequestHandler]
2020-01-09 18:56:11.619 org.yliu.mui.mapper: debug 9052 --- [restartedMain] s.w.s.m.m.a.RequestMappingHandlerAdapter : Looking for @ControllerAdvice: org.springframework.boot.web.servlet.context.AnnotationConfigServletWebServerApplicationContext@7f818366: startup date [Thu Jan 09 18:56:11 CST 2020]; root of context hierarchy
2020-01-09 18:56:11.627 org.yliu.mui.mapper: debug 9052 --- [restartedMain] s.w.s.m.m.a.RequestMappingHandlerMapping : Mapped "{[/error]}" onto public org.springframework.http.ResponseEntity<java.util.Map<java.lang.String, java.lang.Object>> org.springframework.boot.autoconfigure.web.servlet.error.BasicErrorController.error(javax.servlet.http.HttpServletRequest)
2020-01-09 18:56:11.627 org.yliu.mui.mapper: debug 9052 --- [restartedMain] s.w.s.m.m.a.RequestMappingHandlerMapping : Mapped "{[/error],produces=[text/html]}" onto public org.springframework.web.servlet.ModelAndView org.springframework.boot.autoconfigure.web.servlet.error.BasicErrorController.errorHtml(javax.servlet.http.HttpServletRequest,javax.servlet.http.HttpServletResponse)
2020-01-09 18:56:11.635 org.yliu.mui.mapper: debug 9052 --- [restartedMain] o.s.w.s.handler.SimpleUrlHandlerMapping  : Mapped URL path [/webjars/**] onto handler of type [class org.springframework.web.servlet.resource.ResourceHttpRequestHandler]
2020-01-09 18:56:11.635 org.yliu.mui.mapper: debug 9052 --- [restartedMain] o.s.w.s.handler.SimpleUrlHandlerMapping  : Mapped URL path [/**] onto handler of type [class org.springframework.web.servlet.resource.ResourceHttpRequestHandler]
2020-01-09 18:56:11.655 org.yliu.mui.mapper: debug 9052 --- [restartedMain] org.thymeleaf.templatemode.TemplateMode  : [THYMELEAF][restartedMain] Template Mode 'HTML5' is deprecated. Using Template Mode 'HTML' instead.
2020-01-09 18:56:11.743 org.yliu.mui.mapper: debug 9052 --- [restartedMain] o.s.b.d.a.OptionalLiveReloadServer       : LiveReload server is running on port 35729
2020-01-09 18:56:11.759 org.yliu.mui.mapper: debug 9052 --- [restartedMain] o.s.j.e.a.AnnotationMBeanExporter        : Registering beans for JMX exposure on startup
2020-01-09 18:56:11.759 org.yliu.mui.mapper: debug 9052 --- [restartedMain] o.s.j.e.a.AnnotationMBeanExporter        : Bean with name 'dataSource' has been autodetected for JMX exposure
2020-01-09 18:56:11.761 org.yliu.mui.mapper: debug 9052 --- [restartedMain] o.s.j.e.a.AnnotationMBeanExporter        : Located MBean 'dataSource': registering with JMX server as MBean [com.alibaba.druid.pool:name=dataSource,type=DruidDataSource]
2020-01-09 18:56:11.766 org.yliu.mui.mapper: debug 9052 --- [restartedMain] o.apache.catalina.core.StandardService   : Failed to start connector [Connector[HTTP/1.1-8088]]

org.apache.catalina.LifecycleException: Failed to start component [Connector[HTTP/1.1-8088]]
	at org.apache.catalina.util.LifecycleBase.start(LifecycleBase.java:167) ~[tomcat-embed-core-8.5.34.jar:8.5.34]
	at org.apache.catalina.core.StandardService.addConnector(StandardService.java:225) ~[tomcat-embed-core-8.5.34.jar:8.5.34]
	at org.springframework.boot.web.embedded.tomcat.TomcatWebServer.addPreviouslyRemovedConnectors(TomcatWebServer.java:261) [spring-boot-2.0.6.RELEASE.jar:2.0.6.RELEASE]
	at org.springframework.boot.web.embedded.tomcat.TomcatWebServer.start(TomcatWebServer.java:198) [spring-boot-2.0.6.RELEASE.jar:2.0.6.RELEASE]
	at org.springframework.boot.web.servlet.context.ServletWebServerApplicationContext.startWebServer(ServletWebServerApplicationContext.java:300) [spring-boot-2.0.6.RELEASE.jar:2.0.6.RELEASE]
	at org.springframework.boot.web.servlet.context.ServletWebServerApplicationContext.finishRefresh(ServletWebServerApplicationContext.java:162) [spring-boot-2.0.6.RELEASE.jar:2.0.6.RELEASE]
	at org.springframework.context.support.AbstractApplicationContext.refresh(AbstractApplicationContext.java:551) [spring-context-5.0.10.RELEASE.jar:5.0.10.RELEASE]
	at org.springframework.boot.web.servlet.context.ServletWebServerApplicationContext.refresh(ServletWebServerApplicationContext.java:140) [spring-boot-2.0.6.RELEASE.jar:2.0.6.RELEASE]
	at org.springframework.boot.SpringApplication.refresh(SpringApplication.java:754) [spring-boot-2.0.6.RELEASE.jar:2.0.6.RELEASE]
	at org.springframework.boot.SpringApplication.refreshContext(SpringApplication.java:386) [spring-boot-2.0.6.RELEASE.jar:2.0.6.RELEASE]
	at org.springframework.boot.SpringApplication.run(SpringApplication.java:307) [spring-boot-2.0.6.RELEASE.jar:2.0.6.RELEASE]
	at org.springframework.boot.SpringApplication.run(SpringApplication.java:1242) [spring-boot-2.0.6.RELEASE.jar:2.0.6.RELEASE]
	at org.springframework.boot.SpringApplication.run(SpringApplication.java:1230) [spring-boot-2.0.6.RELEASE.jar:2.0.6.RELEASE]
	at com.cointer.Application.main(Application.java:16) [classes/:na]
	at sun.reflect.NativeMethodAccessorImpl.invoke0(Native Method) ~[na:1.8.0_181]
	at sun.reflect.NativeMethodAccessorImpl.invoke(NativeMethodAccessorImpl.java:62) ~[na:1.8.0_181]
	at sun.reflect.DelegatingMethodAccessorImpl.invoke(DelegatingMethodAccessorImpl.java:43) ~[na:1.8.0_181]
	at java.lang.reflect.Method.invoke(Method.java:498) ~[na:1.8.0_181]
	at org.springframework.boot.devtools.restart.RestartLauncher.run(RestartLauncher.java:49) [spring-boot-devtools-2.0.6.RELEASE.jar:2.0.6.RELEASE]
Caused by: org.apache.catalina.LifecycleException: Protocol handler start failed
	at org.apache.catalina.connector.Connector.startInternal(Connector.java:1020) ~[tomcat-embed-core-8.5.34.jar:8.5.34]
	at org.apache.catalina.util.LifecycleBase.start(LifecycleBase.java:150) ~[tomcat-embed-core-8.5.34.jar:8.5.34]
	... 18 common frames omitted
Caused by: java.net.BindException: Address already in use: bind
	at sun.nio.ch.Net.bind0(Native Method) ~[na:1.8.0_181]
	at sun.nio.ch.Net.bind(Net.java:433) ~[na:1.8.0_181]
	at sun.nio.ch.Net.bind(Net.java:425) ~[na:1.8.0_181]
	at sun.nio.ch.ServerSocketChannelImpl.bind(ServerSocketChannelImpl.java:223) ~[na:1.8.0_181]
	at sun.nio.ch.ServerSocketAdaptor.bind(ServerSocketAdaptor.java:74) ~[na:1.8.0_181]
	at org.apache.tomcat.util.net.NioEndpoint.bind(NioEndpoint.java:219) ~[tomcat-embed-core-8.5.34.jar:8.5.34]
	at org.apache.tomcat.util.net.AbstractEndpoint.start(AbstractEndpoint.java:1151) ~[tomcat-embed-core-8.5.34.jar:8.5.34]
	at org.apache.coyote.AbstractProtocol.start(AbstractProtocol.java:591) ~[tomcat-embed-core-8.5.34.jar:8.5.34]
	at org.apache.catalina.connector.Connector.startInternal(Connector.java:1018) ~[tomcat-embed-core-8.5.34.jar:8.5.34]
	... 19 common frames omitted

2020-01-09 18:56:11.766 org.yliu.mui.mapper: debug 9052 --- [restartedMain] o.apache.catalina.core.StandardService   : Stopping service [Tomcat]
2020-01-09 18:56:11.770 org.yliu.mui.mapper: debug 9052 --- [restartedMain] ConditionEvaluationReportLoggingListener : 

Error starting ApplicationContext. To display the conditions report re-run your application with 'debug' enabled.
2020-01-09 18:56:11.771 org.yliu.mui.mapper: debug 9052 --- [restartedMain] o.s.b.d.LoggingFailureAnalysisReporter   : 

***************************
APPLICATION FAILED TO START
***************************

Description:

The Tomcat connector configured to listen on port 8088 failed to start. The port may already be in use or the connector may be misconfigured.

Action:

Verify the connector's configuration, identify and stop any process that's listening on port 8088, or configure this application to listen on another port.

2020-01-09 18:56:11.771 org.yliu.mui.mapper: debug 9052 --- [restartedMain] ConfigServletWebServerApplicationContext : Closing org.springframework.boot.web.servlet.context.AnnotationConfigServletWebServerApplicationContext@7f818366: startup date [Thu Jan 09 18:56:11 CST 2020]; root of context hierarchy
2020-01-09 18:56:11.774 org.yliu.mui.mapper: debug 9052 --- [restartedMain] o.s.j.e.a.AnnotationMBeanExporter        : Unregistering JMX-exposed beans on shutdown
2020-01-09 18:56:11.774 org.yliu.mui.mapper: debug 9052 --- [restartedMain] o.s.j.e.a.AnnotationMBeanExporter        : Unregistering JMX-exposed beans
2020-01-09 18:56:23.298 org.yliu.mui.mapper: debug 9052 --- [restartedMain] com.cointer.Application                  : Starting Application on SKY-20190119SNG with PID 9052 (D:\workSpace\LittleGameMng\target\classes started by Administrator in D:\workSpace\LittleGameMng)
2020-01-09 18:56:23.299 org.yliu.mui.mapper: debug 9052 --- [restartedMain] com.cointer.Application                  : The following profiles are active: pro
2020-01-09 18:56:23.302 org.yliu.mui.mapper: debug 9052 --- [restartedMain] ConfigServletWebServerApplicationContext : Refreshing org.springframework.boot.web.servlet.context.AnnotationConfigServletWebServerApplicationContext@3e88b297: startup date [Thu Jan 09 18:56:23 CST 2020]; root of context hierarchy
2020-01-09 18:56:23.610 org.yliu.mui.mapper: debug 9052 --- [restartedMain] o.m.s.mapper.ClassPathMapperScanner      : No MyBatis mapper was found in '[com.cointer.mapper]' package. Please check your configuration.
2020-01-09 18:56:23.633 org.yliu.mui.mapper: debug 9052 --- [restartedMain] o.m.s.mapper.ClassPathMapperScanner      : No MyBatis mapper was found in '[com.cointer]' package. Please check your configuration.
2020-01-09 18:56:23.642 org.yliu.mui.mapper: debug 9052 --- [restartedMain] .s.d.r.c.RepositoryConfigurationDelegate : Multiple Spring Data modules found, entering strict repository configuration mode!
2020-01-09 18:56:23.703 org.yliu.mui.mapper: debug 9052 --- [restartedMain] trationDelegate$BeanPostProcessorChecker : Bean 'org.springframework.transaction.annotation.ProxyTransactionManagementConfiguration' of type [org.springframework.transaction.annotation.ProxyTransactionManagementConfiguration$$EnhancerBySpringCGLIB$$36602dee] is not eligible for getting processed by all BeanPostProcessors (for example: not eligible for auto-proxying)
2020-01-09 18:56:23.817 org.yliu.mui.mapper: debug 9052 --- [restartedMain] o.s.b.w.embedded.tomcat.TomcatWebServer  : Tomcat initialized with port(s): 8088 (http)
2020-01-09 18:56:23.818 org.yliu.mui.mapper: debug 9052 --- [restartedMain] o.apache.catalina.core.StandardService   : Starting service [Tomcat]
2020-01-09 18:56:23.818 org.yliu.mui.mapper: debug 9052 --- [restartedMain] org.apache.catalina.core.StandardEngine  : Starting Servlet Engine: Apache Tomcat/8.5.34
2020-01-09 18:56:23.852 org.yliu.mui.mapper: debug 9052 --- [localhost-startStop-1] o.a.c.c.C.[.[localhost].[/GameUser]      : Initializing Spring embedded WebApplicationContext
2020-01-09 18:56:23.853 org.yliu.mui.mapper: debug 9052 --- [localhost-startStop-1] o.s.web.context.ContextLoader            : Root WebApplicationContext: initialization completed in 551 ms
2020-01-09 18:56:23.862 org.yliu.mui.mapper: debug 9052 --- [localhost-startStop-1] o.s.b.w.servlet.ServletRegistrationBean  : Servlet dispatcherServlet mapped to [/]
2020-01-09 18:56:23.862 org.yliu.mui.mapper: debug 9052 --- [localhost-startStop-1] o.s.b.w.servlet.FilterRegistrationBean   : Mapping filter: 'characterEncodingFilter' to: [/*]
2020-01-09 18:56:23.862 org.yliu.mui.mapper: debug 9052 --- [localhost-startStop-1] o.s.b.w.servlet.FilterRegistrationBean   : Mapping filter: 'hiddenHttpMethodFilter' to: [/*]
2020-01-09 18:56:23.862 org.yliu.mui.mapper: debug 9052 --- [localhost-startStop-1] o.s.b.w.servlet.FilterRegistrationBean   : Mapping filter: 'httpPutFormContentFilter' to: [/*]
2020-01-09 18:56:23.862 org.yliu.mui.mapper: debug 9052 --- [localhost-startStop-1] o.s.b.w.servlet.FilterRegistrationBean   : Mapping filter: 'requestContextFilter' to: [/*]
2020-01-09 18:56:23.882 org.yliu.mui.mapper: debug 9052 --- [restartedMain] o.s.w.s.handler.SimpleUrlHandlerMapping  : Mapped URL path [/**/favicon.ico] onto handler of type [class org.springframework.web.servlet.resource.ResourceHttpRequestHandler]
2020-01-09 18:56:24.060 org.yliu.mui.mapper: debug 9052 --- [restartedMain] s.w.s.m.m.a.RequestMappingHandlerAdapter : Looking for @ControllerAdvice: org.springframework.boot.web.servlet.context.AnnotationConfigServletWebServerApplicationContext@3e88b297: startup date [Thu Jan 09 18:56:23 CST 2020]; root of context hierarchy
2020-01-09 18:56:24.082 org.yliu.mui.mapper: debug 9052 --- [restartedMain] s.w.s.m.m.a.RequestMappingHandlerMapping : Mapped "{[/error]}" onto public org.springframework.http.ResponseEntity<java.util.Map<java.lang.String, java.lang.Object>> org.springframework.boot.autoconfigure.web.servlet.error.BasicErrorController.error(javax.servlet.http.HttpServletRequest)
2020-01-09 18:56:24.084 org.yliu.mui.mapper: debug 9052 --- [restartedMain] s.w.s.m.m.a.RequestMappingHandlerMapping : Mapped "{[/error],produces=[text/html]}" onto public org.springframework.web.servlet.ModelAndView org.springframework.boot.autoconfigure.web.servlet.error.BasicErrorController.errorHtml(javax.servlet.http.HttpServletRequest,javax.servlet.http.HttpServletResponse)
2020-01-09 18:56:24.110 org.yliu.mui.mapper: debug 9052 --- [restartedMain] o.s.w.s.handler.SimpleUrlHandlerMapping  : Mapped URL path [/webjars/**] onto handler of type [class org.springframework.web.servlet.resource.ResourceHttpRequestHandler]
2020-01-09 18:56:24.110 org.yliu.mui.mapper: debug 9052 --- [restartedMain] o.s.w.s.handler.SimpleUrlHandlerMapping  : Mapped URL path [/**] onto handler of type [class org.springframework.web.servlet.resource.ResourceHttpRequestHandler]
2020-01-09 18:56:24.128 org.yliu.mui.mapper: debug 9052 --- [restartedMain] org.thymeleaf.templatemode.TemplateMode  : [THYMELEAF][restartedMain] Template Mode 'HTML5' is deprecated. Using Template Mode 'HTML' instead.
2020-01-09 18:56:24.290 org.yliu.mui.mapper: debug 9052 --- [restartedMain] o.s.b.d.a.OptionalLiveReloadServer       : LiveReload server is running on port 35729
2020-01-09 18:56:24.335 org.yliu.mui.mapper: debug 9052 --- [restartedMain] o.s.j.e.a.AnnotationMBeanExporter        : Registering beans for JMX exposure on startup
2020-01-09 18:56:24.335 org.yliu.mui.mapper: debug 9052 --- [restartedMain] o.s.j.e.a.AnnotationMBeanExporter        : Bean with name 'dataSource' has been autodetected for JMX exposure
2020-01-09 18:56:24.344 org.yliu.mui.mapper: debug 9052 --- [restartedMain] o.s.j.e.a.AnnotationMBeanExporter        : Located MBean 'dataSource': registering with JMX server as MBean [com.alibaba.druid.pool:name=dataSource,type=DruidDataSource]
2020-01-09 18:56:24.366 org.yliu.mui.mapper: debug 9052 --- [restartedMain] o.apache.catalina.core.StandardService   : Failed to start connector [Connector[HTTP/1.1-8088]]

org.apache.catalina.LifecycleException: Failed to start component [Connector[HTTP/1.1-8088]]
	at org.apache.catalina.util.LifecycleBase.start(LifecycleBase.java:167) ~[tomcat-embed-core-8.5.34.jar:8.5.34]
	at org.apache.catalina.core.StandardService.addConnector(StandardService.java:225) ~[tomcat-embed-core-8.5.34.jar:8.5.34]
	at org.springframework.boot.web.embedded.tomcat.TomcatWebServer.addPreviouslyRemovedConnectors(TomcatWebServer.java:261) [spring-boot-2.0.6.RELEASE.jar:2.0.6.RELEASE]
	at org.springframework.boot.web.embedded.tomcat.TomcatWebServer.start(TomcatWebServer.java:198) [spring-boot-2.0.6.RELEASE.jar:2.0.6.RELEASE]
	at org.springframework.boot.web.servlet.context.ServletWebServerApplicationContext.startWebServer(ServletWebServerApplicationContext.java:300) [spring-boot-2.0.6.RELEASE.jar:2.0.6.RELEASE]
	at org.springframework.boot.web.servlet.context.ServletWebServerApplicationContext.finishRefresh(ServletWebServerApplicationContext.java:162) [spring-boot-2.0.6.RELEASE.jar:2.0.6.RELEASE]
	at org.springframework.context.support.AbstractApplicationContext.refresh(AbstractApplicationContext.java:551) [spring-context-5.0.10.RELEASE.jar:5.0.10.RELEASE]
	at org.springframework.boot.web.servlet.context.ServletWebServerApplicationContext.refresh(ServletWebServerApplicationContext.java:140) [spring-boot-2.0.6.RELEASE.jar:2.0.6.RELEASE]
	at org.springframework.boot.SpringApplication.refresh(SpringApplication.java:754) [spring-boot-2.0.6.RELEASE.jar:2.0.6.RELEASE]
	at org.springframework.boot.SpringApplication.refreshContext(SpringApplication.java:386) [spring-boot-2.0.6.RELEASE.jar:2.0.6.RELEASE]
	at org.springframework.boot.SpringApplication.run(SpringApplication.java:307) [spring-boot-2.0.6.RELEASE.jar:2.0.6.RELEASE]
	at org.springframework.boot.SpringApplication.run(SpringApplication.java:1242) [spring-boot-2.0.6.RELEASE.jar:2.0.6.RELEASE]
	at org.springframework.boot.SpringApplication.run(SpringApplication.java:1230) [spring-boot-2.0.6.RELEASE.jar:2.0.6.RELEASE]
	at com.cointer.Application.main(Application.java:16) [classes/:na]
	at sun.reflect.NativeMethodAccessorImpl.invoke0(Native Method) ~[na:1.8.0_181]
	at sun.reflect.NativeMethodAccessorImpl.invoke(NativeMethodAccessorImpl.java:62) ~[na:1.8.0_181]
	at sun.reflect.DelegatingMethodAccessorImpl.invoke(DelegatingMethodAccessorImpl.java:43) ~[na:1.8.0_181]
	at java.lang.reflect.Method.invoke(Method.java:498) ~[na:1.8.0_181]
	at org.springframework.boot.devtools.restart.RestartLauncher.run(RestartLauncher.java:49) [spring-boot-devtools-2.0.6.RELEASE.jar:2.0.6.RELEASE]
Caused by: org.apache.catalina.LifecycleException: Protocol handler start failed
	at org.apache.catalina.connector.Connector.startInternal(Connector.java:1020) ~[tomcat-embed-core-8.5.34.jar:8.5.34]
	at org.apache.catalina.util.LifecycleBase.start(LifecycleBase.java:150) ~[tomcat-embed-core-8.5.34.jar:8.5.34]
	... 18 common frames omitted
Caused by: java.net.BindException: Address already in use: bind
	at sun.nio.ch.Net.bind0(Native Method) ~[na:1.8.0_181]
	at sun.nio.ch.Net.bind(Net.java:433) ~[na:1.8.0_181]
	at sun.nio.ch.Net.bind(Net.java:425) ~[na:1.8.0_181]
	at sun.nio.ch.ServerSocketChannelImpl.bind(ServerSocketChannelImpl.java:223) ~[na:1.8.0_181]
	at sun.nio.ch.ServerSocketAdaptor.bind(ServerSocketAdaptor.java:74) ~[na:1.8.0_181]
	at org.apache.tomcat.util.net.NioEndpoint.bind(NioEndpoint.java:219) ~[tomcat-embed-core-8.5.34.jar:8.5.34]
	at org.apache.tomcat.util.net.AbstractEndpoint.start(AbstractEndpoint.java:1151) ~[tomcat-embed-core-8.5.34.jar:8.5.34]
	at org.apache.coyote.AbstractProtocol.start(AbstractProtocol.java:591) ~[tomcat-embed-core-8.5.34.jar:8.5.34]
	at org.apache.catalina.connector.Connector.startInternal(Connector.java:1018) ~[tomcat-embed-core-8.5.34.jar:8.5.34]
	... 19 common frames omitted

2020-01-09 18:56:24.368 org.yliu.mui.mapper: debug 9052 --- [restartedMain] o.apache.catalina.core.StandardService   : Stopping service [Tomcat]
2020-01-09 18:56:24.381 org.yliu.mui.mapper: debug 9052 --- [restartedMain] ConditionEvaluationReportLoggingListener : 

Error starting ApplicationContext. To display the conditions report re-run your application with 'debug' enabled.
2020-01-09 18:56:24.382 org.yliu.mui.mapper: debug 9052 --- [restartedMain] o.s.b.d.LoggingFailureAnalysisReporter   : 

***************************
APPLICATION FAILED TO START
***************************

Description:

The Tomcat connector configured to listen on port 8088 failed to start. The port may already be in use or the connector may be misconfigured.

Action:

Verify the connector's configuration, identify and stop any process that's listening on port 8088, or configure this application to listen on another port.

2020-01-09 18:56:24.383 org.yliu.mui.mapper: debug 9052 --- [restartedMain] ConfigServletWebServerApplicationContext : Closing org.springframework.boot.web.servlet.context.AnnotationConfigServletWebServerApplicationContext@3e88b297: startup date [Thu Jan 09 18:56:23 CST 2020]; root of context hierarchy
2020-01-09 18:56:24.385 org.yliu.mui.mapper: debug 9052 --- [restartedMain] o.s.j.e.a.AnnotationMBeanExporter        : Unregistering JMX-exposed beans on shutdown
2020-01-09 18:56:24.385 org.yliu.mui.mapper: debug 9052 --- [restartedMain] o.s.j.e.a.AnnotationMBeanExporter        : Unregistering JMX-exposed beans
2020-01-09 18:56:25.941 org.yliu.mui.mapper: debug 9052 --- [restartedMain] com.cointer.Application                  : Starting Application on SKY-20190119SNG with PID 9052 (D:\workSpace\LittleGameMng\target\classes started by Administrator in D:\workSpace\LittleGameMng)
2020-01-09 18:56:25.941 org.yliu.mui.mapper: debug 9052 --- [restartedMain] com.cointer.Application                  : The following profiles are active: pro
2020-01-09 18:56:25.943 org.yliu.mui.mapper: debug 9052 --- [restartedMain] ConfigServletWebServerApplicationContext : Refreshing org.springframework.boot.web.servlet.context.AnnotationConfigServletWebServerApplicationContext@4e5536ed: startup date [Thu Jan 09 18:56:25 CST 2020]; root of context hierarchy
2020-01-09 18:56:26.256 org.yliu.mui.mapper: debug 9052 --- [restartedMain] .s.d.r.c.RepositoryConfigurationDelegate : Multiple Spring Data modules found, entering strict repository configuration mode!
2020-01-09 18:56:26.316 org.yliu.mui.mapper: debug 9052 --- [restartedMain] trationDelegate$BeanPostProcessorChecker : Bean 'org.springframework.transaction.annotation.ProxyTransactionManagementConfiguration' of type [org.springframework.transaction.annotation.ProxyTransactionManagementConfiguration$$EnhancerBySpringCGLIB$$36602dee] is not eligible for getting processed by all BeanPostProcessors (for example: not eligible for auto-proxying)
2020-01-09 18:56:26.389 org.yliu.mui.mapper: debug 9052 --- [restartedMain] o.s.b.w.embedded.tomcat.TomcatWebServer  : Tomcat initialized with port(s): 8088 (http)
2020-01-09 18:56:26.390 org.yliu.mui.mapper: debug 9052 --- [restartedMain] o.apache.catalina.core.StandardService   : Starting service [Tomcat]
2020-01-09 18:56:26.390 org.yliu.mui.mapper: debug 9052 --- [restartedMain] org.apache.catalina.core.StandardEngine  : Starting Servlet Engine: Apache Tomcat/8.5.34
2020-01-09 18:56:26.407 org.yliu.mui.mapper: debug 9052 --- [localhost-startStop-1] o.a.c.c.C.[.[localhost].[/GameUser]      : Initializing Spring embedded WebApplicationContext
2020-01-09 18:56:26.407 org.yliu.mui.mapper: debug 9052 --- [localhost-startStop-1] o.s.web.context.ContextLoader            : Root WebApplicationContext: initialization completed in 464 ms
2020-01-09 18:56:26.413 org.yliu.mui.mapper: debug 9052 --- [localhost-startStop-1] com.cointer.config.DruidConfig           : init Druid Servlet Configuration 
2020-01-09 18:56:26.422 org.yliu.mui.mapper: debug 9052 --- [localhost-startStop-1] o.s.b.w.servlet.ServletRegistrationBean  : Servlet statViewServlet mapped to [/druid/*]
2020-01-09 18:56:26.423 org.yliu.mui.mapper: debug 9052 --- [localhost-startStop-1] o.s.b.w.servlet.ServletRegistrationBean  : Servlet dispatcherServlet mapped to [/]
2020-01-09 18:56:26.423 org.yliu.mui.mapper: debug 9052 --- [localhost-startStop-1] o.s.b.w.servlet.FilterRegistrationBean   : Mapping filter: 'characterEncodingFilter' to: [/*]
2020-01-09 18:56:26.423 org.yliu.mui.mapper: debug 9052 --- [localhost-startStop-1] o.s.b.w.servlet.FilterRegistrationBean   : Mapping filter: 'webStatFilter' to urls: [/*]
2020-01-09 18:56:26.423 org.yliu.mui.mapper: debug 9052 --- [localhost-startStop-1] o.s.b.w.servlet.FilterRegistrationBean   : Mapping filter: 'corsFilter' to: [/*]
2020-01-09 18:56:26.446 org.yliu.mui.mapper: debug 9052 --- [restartedMain] com.cointer.config.RedisConfig           : JedisPool注入成功！MaxTotal:32
2020-01-09 18:56:26.446 org.yliu.mui.mapper: debug 9052 --- [restartedMain] com.cointer.config.RedisConfig           : redis地址：127.0.0.1:6379
2020-01-09 18:56:26.534 org.yliu.mui.mapper: debug 9052 --- [restartedMain] s.w.s.m.m.a.RequestMappingHandlerMapping : Mapped "{[/coin/unfreeze]}" onto public java.lang.String com.cointer.controller.CoinInfoController.unFreeze(java.lang.String)
2020-01-09 18:56:26.535 org.yliu.mui.mapper: debug 9052 --- [restartedMain] s.w.s.m.m.a.RequestMappingHandlerMapping : Mapped "{[/coin/billsList]}" onto public java.lang.String com.cointer.controller.CoinInfoController.billsList(java.lang.String)
2020-01-09 18:56:26.535 org.yliu.mui.mapper: debug 9052 --- [restartedMain] s.w.s.m.m.a.RequestMappingHandlerMapping : Mapped "{[/coin/freezeList]}" onto public java.lang.String com.cointer.controller.CoinInfoController.freezeList(java.lang.String)
2020-01-09 18:56:26.535 org.yliu.mui.mapper: debug 9052 --- [restartedMain] s.w.s.m.m.a.RequestMappingHandlerMapping : Mapped "{[/deal/extractOrder]}" onto public java.lang.String com.cointer.controller.DealController.extractOrder(java.lang.String)
2020-01-09 18:56:26.535 org.yliu.mui.mapper: debug 9052 --- [restartedMain] s.w.s.m.m.a.RequestMappingHandlerMapping : Mapped "{[/deal/extractPwd]}" onto public java.lang.String com.cointer.controller.DealController.extractPwd(java.lang.String)
2020-01-09 18:56:26.535 org.yliu.mui.mapper: debug 9052 --- [restartedMain] s.w.s.m.m.a.RequestMappingHandlerMapping : Mapped "{[/deal/coinDeal]}" onto public java.lang.String com.cointer.controller.DealController.coinDeal(java.lang.String)
2020-01-09 18:56:26.536 org.yliu.mui.mapper: debug 9052 --- [restartedMain] s.w.s.m.m.a.RequestMappingHandlerMapping : Mapped "{[/deal/recover]}" onto public java.lang.String com.cointer.controller.DealController.coinRecover(java.lang.String)
2020-01-09 18:56:26.536 org.yliu.mui.mapper: debug 9052 --- [restartedMain] s.w.s.m.m.a.RequestMappingHandlerMapping : Mapped "{[/exchange/extract]}" onto public java.lang.String com.cointer.controller.ExchangeController.extract(java.lang.String)
2020-01-09 18:56:26.536 org.yliu.mui.mapper: debug 9052 --- [restartedMain] s.w.s.m.m.a.RequestMappingHandlerMapping : Mapped "{[/exchange/orderInfo]}" onto public java.lang.String com.cointer.controller.ExchangeController.orderInfo(java.lang.String)
2020-01-09 18:56:26.536 org.yliu.mui.mapper: debug 9052 --- [restartedMain] s.w.s.m.m.a.RequestMappingHandlerMapping : Mapped "{[/exchange/checkFreeze]}" onto public java.lang.String com.cointer.controller.ExchangeController.checkFreeze(java.lang.String)
2020-01-09 18:56:26.536 org.yliu.mui.mapper: debug 9052 --- [restartedMain] s.w.s.m.m.a.RequestMappingHandlerMapping : Mapped "{[/exchange/chargeOrder]}" onto public java.lang.String com.cointer.controller.ExchangeController.chargeOrder(java.lang.String)
2020-01-09 18:56:26.536 org.yliu.mui.mapper: debug 9052 --- [restartedMain] s.w.s.m.m.a.RequestMappingHandlerMapping : Mapped "{[/mineral/presenterMembers]}" onto public java.lang.String com.cointer.controller.MineralController.presenterMembers(java.lang.String)
2020-01-09 18:56:26.536 org.yliu.mui.mapper: debug 9052 --- [restartedMain] s.w.s.m.m.a.RequestMappingHandlerMapping : Mapped "{[/mineral/digMineral]}" onto public java.lang.String com.cointer.controller.MineralController.digMineral(java.lang.String)
2020-01-09 18:56:26.537 org.yliu.mui.mapper: debug 9052 --- [restartedMain] s.w.s.m.m.a.RequestMappingHandlerMapping : Mapped "{[/mineral/getMineral]}" onto public java.lang.String com.cointer.controller.MineralController.getMineral(java.lang.String)
2020-01-09 18:56:26.537 org.yliu.mui.mapper: debug 9052 --- [restartedMain] s.w.s.m.m.a.RequestMappingHandlerMapping : Mapped "{[/mineral/useMineralCode]}" onto public java.lang.String com.cointer.controller.MineralController.useMineralCode(java.lang.String)
2020-01-09 18:56:26.537 org.yliu.mui.mapper: debug 9052 --- [restartedMain] s.w.s.m.m.a.RequestMappingHandlerMapping : Mapped "{[/mineral/mineralBillsList]}" onto public java.lang.String com.cointer.controller.MineralController.mineralBillsList(java.lang.String)
2020-01-09 18:56:26.537 org.yliu.mui.mapper: debug 9052 --- [restartedMain] s.w.s.m.m.a.RequestMappingHandlerMapping : Mapped "{[/user/addPhoto]}" onto public java.lang.String com.cointer.controller.UserController.addPhoto(java.lang.String)
2020-01-09 18:56:26.537 org.yliu.mui.mapper: debug 9052 --- [restartedMain] s.w.s.m.m.a.RequestMappingHandlerMapping : Mapped "{[/user/remotePlats]}" onto public java.lang.String com.cointer.controller.UserController.remotePlats(java.lang.String)
2020-01-09 18:56:26.537 org.yliu.mui.mapper: debug 9052 --- [restartedMain] s.w.s.m.m.a.RequestMappingHandlerMapping : Mapped "{[/user/registOrLogin]}" onto public java.lang.String com.cointer.controller.UserController.login(java.lang.String)
2020-01-09 18:56:26.537 org.yliu.mui.mapper: debug 9052 --- [restartedMain] s.w.s.m.m.a.RequestMappingHandlerMapping : Mapped "{[/user/bindRemoteUser]}" onto public java.lang.String com.cointer.controller.UserController.bindRemoteUser(java.lang.String)
2020-01-09 18:56:26.538 org.yliu.mui.mapper: debug 9052 --- [restartedMain] s.w.s.m.m.a.RequestMappingHandlerMapping : Mapped "{[/user/remotePlatUserInfo]}" onto public java.lang.String com.cointer.controller.UserController.remotePlatUserInfo(java.lang.String)
2020-01-09 18:56:26.539 org.yliu.mui.mapper: debug 9052 --- [restartedMain] s.w.s.m.m.a.RequestMappingHandlerMapping : Mapped "{[/error]}" onto public org.springframework.http.ResponseEntity<java.util.Map<java.lang.String, java.lang.Object>> org.springframework.boot.autoconfigure.web.servlet.error.BasicErrorController.error(javax.servlet.http.HttpServletRequest)
2020-01-09 18:56:26.539 org.yliu.mui.mapper: debug 9052 --- [restartedMain] s.w.s.m.m.a.RequestMappingHandlerMapping : Mapped "{[/error],produces=[text/html]}" onto public org.springframework.web.servlet.ModelAndView org.springframework.boot.autoconfigure.web.servlet.error.BasicErrorController.errorHtml(javax.servlet.http.HttpServletRequest,javax.servlet.http.HttpServletResponse)
2020-01-09 18:56:26.553 org.yliu.mui.mapper: debug 9052 --- [restartedMain] s.w.s.m.m.a.RequestMappingHandlerAdapter : Looking for @ControllerAdvice: org.springframework.boot.web.servlet.context.AnnotationConfigServletWebServerApplicationContext@4e5536ed: startup date [Thu Jan 09 18:56:25 CST 2020]; root of context hierarchy
2020-01-09 18:56:26.616 org.yliu.mui.mapper: debug 9052 --- [restartedMain] org.thymeleaf.templatemode.TemplateMode  : [THYMELEAF][restartedMain] Template Mode 'HTML5' is deprecated. Using Template Mode 'HTML' instead.
2020-01-09 18:56:26.644 org.yliu.mui.mapper: debug 9052 --- [restartedMain] o.s.b.d.a.OptionalLiveReloadServer       : LiveReload server is running on port 35729
2020-01-09 18:56:26.657 org.yliu.mui.mapper: debug 9052 --- [restartedMain] o.s.j.e.a.AnnotationMBeanExporter        : Registering beans for JMX exposure on startup
2020-01-09 18:56:26.658 org.yliu.mui.mapper: debug 9052 --- [restartedMain] o.s.j.e.a.AnnotationMBeanExporter        : Bean with name 'dataSource' has been autodetected for JMX exposure
2020-01-09 18:56:26.660 org.yliu.mui.mapper: debug 9052 --- [restartedMain] o.s.j.e.a.AnnotationMBeanExporter        : Located MBean 'dataSource': registering with JMX server as MBean [com.alibaba.druid.pool:name=dataSource,type=DruidDataSource]
2020-01-09 18:56:26.663 org.yliu.mui.mapper: debug 9052 --- [restartedMain] o.apache.catalina.core.StandardService   : Failed to start connector [Connector[HTTP/1.1-8088]]

org.apache.catalina.LifecycleException: Failed to start component [Connector[HTTP/1.1-8088]]
	at org.apache.catalina.util.LifecycleBase.start(LifecycleBase.java:167) ~[tomcat-embed-core-8.5.34.jar:8.5.34]
	at org.apache.catalina.core.StandardService.addConnector(StandardService.java:225) ~[tomcat-embed-core-8.5.34.jar:8.5.34]
	at org.springframework.boot.web.embedded.tomcat.TomcatWebServer.addPreviouslyRemovedConnectors(TomcatWebServer.java:261) [spring-boot-2.0.6.RELEASE.jar:2.0.6.RELEASE]
	at org.springframework.boot.web.embedded.tomcat.TomcatWebServer.start(TomcatWebServer.java:198) [spring-boot-2.0.6.RELEASE.jar:2.0.6.RELEASE]
	at org.springframework.boot.web.servlet.context.ServletWebServerApplicationContext.startWebServer(ServletWebServerApplicationContext.java:300) [spring-boot-2.0.6.RELEASE.jar:2.0.6.RELEASE]
	at org.springframework.boot.web.servlet.context.ServletWebServerApplicationContext.finishRefresh(ServletWebServerApplicationContext.java:162) [spring-boot-2.0.6.RELEASE.jar:2.0.6.RELEASE]
	at org.springframework.context.support.AbstractApplicationContext.refresh(AbstractApplicationContext.java:551) [spring-context-5.0.10.RELEASE.jar:5.0.10.RELEASE]
	at org.springframework.boot.web.servlet.context.ServletWebServerApplicationContext.refresh(ServletWebServerApplicationContext.java:140) [spring-boot-2.0.6.RELEASE.jar:2.0.6.RELEASE]
	at org.springframework.boot.SpringApplication.refresh(SpringApplication.java:754) [spring-boot-2.0.6.RELEASE.jar:2.0.6.RELEASE]
	at org.springframework.boot.SpringApplication.refreshContext(SpringApplication.java:386) [spring-boot-2.0.6.RELEASE.jar:2.0.6.RELEASE]
	at org.springframework.boot.SpringApplication.run(SpringApplication.java:307) [spring-boot-2.0.6.RELEASE.jar:2.0.6.RELEASE]
	at org.springframework.boot.SpringApplication.run(SpringApplication.java:1242) [spring-boot-2.0.6.RELEASE.jar:2.0.6.RELEASE]
	at org.springframework.boot.SpringApplication.run(SpringApplication.java:1230) [spring-boot-2.0.6.RELEASE.jar:2.0.6.RELEASE]
	at com.cointer.Application.main(Application.java:16) [classes/:na]
	at sun.reflect.NativeMethodAccessorImpl.invoke0(Native Method) ~[na:1.8.0_181]
	at sun.reflect.NativeMethodAccessorImpl.invoke(NativeMethodAccessorImpl.java:62) ~[na:1.8.0_181]
	at sun.reflect.DelegatingMethodAccessorImpl.invoke(DelegatingMethodAccessorImpl.java:43) ~[na:1.8.0_181]
	at java.lang.reflect.Method.invoke(Method.java:498) ~[na:1.8.0_181]
	at org.springframework.boot.devtools.restart.RestartLauncher.run(RestartLauncher.java:49) [spring-boot-devtools-2.0.6.RELEASE.jar:2.0.6.RELEASE]
Caused by: org.apache.catalina.LifecycleException: Protocol handler start failed
	at org.apache.catalina.connector.Connector.startInternal(Connector.java:1020) ~[tomcat-embed-core-8.5.34.jar:8.5.34]
	at org.apache.catalina.util.LifecycleBase.start(LifecycleBase.java:150) ~[tomcat-embed-core-8.5.34.jar:8.5.34]
	... 18 common frames omitted
Caused by: java.net.BindException: Address already in use: bind
	at sun.nio.ch.Net.bind0(Native Method) ~[na:1.8.0_181]
	at sun.nio.ch.Net.bind(Net.java:433) ~[na:1.8.0_181]
	at sun.nio.ch.Net.bind(Net.java:425) ~[na:1.8.0_181]
	at sun.nio.ch.ServerSocketChannelImpl.bind(ServerSocketChannelImpl.java:223) ~[na:1.8.0_181]
	at sun.nio.ch.ServerSocketAdaptor.bind(ServerSocketAdaptor.java:74) ~[na:1.8.0_181]
	at org.apache.tomcat.util.net.NioEndpoint.bind(NioEndpoint.java:219) ~[tomcat-embed-core-8.5.34.jar:8.5.34]
	at org.apache.tomcat.util.net.AbstractEndpoint.start(AbstractEndpoint.java:1151) ~[tomcat-embed-core-8.5.34.jar:8.5.34]
	at org.apache.coyote.AbstractProtocol.start(AbstractProtocol.java:591) ~[tomcat-embed-core-8.5.34.jar:8.5.34]
	at org.apache.catalina.connector.Connector.startInternal(Connector.java:1018) ~[tomcat-embed-core-8.5.34.jar:8.5.34]
	... 19 common frames omitted

2020-01-09 18:56:26.664 org.yliu.mui.mapper: debug 9052 --- [restartedMain] o.apache.catalina.core.StandardService   : Stopping service [Tomcat]
2020-01-09 18:56:26.667 org.yliu.mui.mapper: debug 9052 --- [restartedMain] ConditionEvaluationReportLoggingListener : 

Error starting ApplicationContext. To display the conditions report re-run your application with 'debug' enabled.
2020-01-09 18:56:26.668 org.yliu.mui.mapper: debug 9052 --- [restartedMain] o.s.b.d.LoggingFailureAnalysisReporter   : 

***************************
APPLICATION FAILED TO START
***************************

Description:

The Tomcat connector configured to listen on port 8088 failed to start. The port may already be in use or the connector may be misconfigured.

Action:

Verify the connector's configuration, identify and stop any process that's listening on port 8088, or configure this application to listen on another port.

2020-01-09 18:56:26.668 org.yliu.mui.mapper: debug 9052 --- [restartedMain] ConfigServletWebServerApplicationContext : Closing org.springframework.boot.web.servlet.context.AnnotationConfigServletWebServerApplicationContext@4e5536ed: startup date [Thu Jan 09 18:56:25 CST 2020]; root of context hierarchy
2020-01-09 18:56:26.670 org.yliu.mui.mapper: debug 9052 --- [restartedMain] o.s.j.e.a.AnnotationMBeanExporter        : Unregistering JMX-exposed beans on shutdown
2020-01-09 18:56:26.670 org.yliu.mui.mapper: debug 9052 --- [restartedMain] o.s.j.e.a.AnnotationMBeanExporter        : Unregistering JMX-exposed beans
2020-01-09 18:56:38.326 org.yliu.mui.mapper: debug 9052 --- [restartedMain] com.cointer.Application                  : Starting Application on SKY-20190119SNG with PID 9052 (D:\workSpace\LittleGameMng\target\classes started by Administrator in D:\workSpace\LittleGameMng)
2020-01-09 18:56:38.326 org.yliu.mui.mapper: debug 9052 --- [restartedMain] com.cointer.Application                  : The following profiles are active: pro
2020-01-09 18:56:38.327 org.yliu.mui.mapper: debug 9052 --- [restartedMain] ConfigServletWebServerApplicationContext : Refreshing org.springframework.boot.web.servlet.context.AnnotationConfigServletWebServerApplicationContext@26e6e90c: startup date [Thu Jan 09 18:56:38 CST 2020]; root of context hierarchy
2020-01-09 18:56:38.499 org.yliu.mui.mapper: debug 9052 --- [restartedMain] o.m.s.mapper.ClassPathMapperScanner      : No MyBatis mapper was found in '[com.cointer.mapper]' package. Please check your configuration.
2020-01-09 18:56:38.515 org.yliu.mui.mapper: debug 9052 --- [restartedMain] o.m.s.mapper.ClassPathMapperScanner      : No MyBatis mapper was found in '[com.cointer]' package. Please check your configuration.
2020-01-09 18:56:38.521 org.yliu.mui.mapper: debug 9052 --- [restartedMain] .s.d.r.c.RepositoryConfigurationDelegate : Multiple Spring Data modules found, entering strict repository configuration mode!
2020-01-09 18:56:38.552 org.yliu.mui.mapper: debug 9052 --- [restartedMain] trationDelegate$BeanPostProcessorChecker : Bean 'org.springframework.transaction.annotation.ProxyTransactionManagementConfiguration' of type [org.springframework.transaction.annotation.ProxyTransactionManagementConfiguration$$EnhancerBySpringCGLIB$$36602dee] is not eligible for getting processed by all BeanPostProcessors (for example: not eligible for auto-proxying)
2020-01-09 18:56:38.620 org.yliu.mui.mapper: debug 9052 --- [restartedMain] o.s.b.w.embedded.tomcat.TomcatWebServer  : Tomcat initialized with port(s): 8088 (http)
2020-01-09 18:56:38.621 org.yliu.mui.mapper: debug 9052 --- [restartedMain] o.apache.catalina.core.StandardService   : Starting service [Tomcat]
2020-01-09 18:56:38.621 org.yliu.mui.mapper: debug 9052 --- [restartedMain] org.apache.catalina.core.StandardEngine  : Starting Servlet Engine: Apache Tomcat/8.5.34
2020-01-09 18:56:38.637 org.yliu.mui.mapper: debug 9052 --- [localhost-startStop-1] o.a.c.c.C.[.[localhost].[/GameUser]      : Initializing Spring embedded WebApplicationContext
2020-01-09 18:56:38.637 org.yliu.mui.mapper: debug 9052 --- [localhost-startStop-1] o.s.web.context.ContextLoader            : Root WebApplicationContext: initialization completed in 310 ms
2020-01-09 18:56:38.644 org.yliu.mui.mapper: debug 9052 --- [localhost-startStop-1] o.s.b.w.servlet.ServletRegistrationBean  : Servlet dispatcherServlet mapped to [/]
2020-01-09 18:56:38.645 org.yliu.mui.mapper: debug 9052 --- [localhost-startStop-1] o.s.b.w.servlet.FilterRegistrationBean   : Mapping filter: 'characterEncodingFilter' to: [/*]
2020-01-09 18:56:38.645 org.yliu.mui.mapper: debug 9052 --- [localhost-startStop-1] o.s.b.w.servlet.FilterRegistrationBean   : Mapping filter: 'hiddenHttpMethodFilter' to: [/*]
2020-01-09 18:56:38.645 org.yliu.mui.mapper: debug 9052 --- [localhost-startStop-1] o.s.b.w.servlet.FilterRegistrationBean   : Mapping filter: 'httpPutFormContentFilter' to: [/*]
2020-01-09 18:56:38.645 org.yliu.mui.mapper: debug 9052 --- [localhost-startStop-1] o.s.b.w.servlet.FilterRegistrationBean   : Mapping filter: 'requestContextFilter' to: [/*]
2020-01-09 18:56:38.657 org.yliu.mui.mapper: debug 9052 --- [restartedMain] o.s.w.s.handler.SimpleUrlHandlerMapping  : Mapped URL path [/**/favicon.ico] onto handler of type [class org.springframework.web.servlet.resource.ResourceHttpRequestHandler]
2020-01-09 18:56:38.684 org.yliu.mui.mapper: debug 9052 --- [restartedMain] s.w.s.m.m.a.RequestMappingHandlerAdapter : Looking for @ControllerAdvice: org.springframework.boot.web.servlet.context.AnnotationConfigServletWebServerApplicationContext@26e6e90c: startup date [Thu Jan 09 18:56:38 CST 2020]; root of context hierarchy
2020-01-09 18:56:38.690 org.yliu.mui.mapper: debug 9052 --- [restartedMain] s.w.s.m.m.a.RequestMappingHandlerMapping : Mapped "{[/error]}" onto public org.springframework.http.ResponseEntity<java.util.Map<java.lang.String, java.lang.Object>> org.springframework.boot.autoconfigure.web.servlet.error.BasicErrorController.error(javax.servlet.http.HttpServletRequest)
2020-01-09 18:56:38.690 org.yliu.mui.mapper: debug 9052 --- [restartedMain] s.w.s.m.m.a.RequestMappingHandlerMapping : Mapped "{[/error],produces=[text/html]}" onto public org.springframework.web.servlet.ModelAndView org.springframework.boot.autoconfigure.web.servlet.error.BasicErrorController.errorHtml(javax.servlet.http.HttpServletRequest,javax.servlet.http.HttpServletResponse)
2020-01-09 18:56:38.696 org.yliu.mui.mapper: debug 9052 --- [restartedMain] o.s.w.s.handler.SimpleUrlHandlerMapping  : Mapped URL path [/webjars/**] onto handler of type [class org.springframework.web.servlet.resource.ResourceHttpRequestHandler]
2020-01-09 18:56:38.696 org.yliu.mui.mapper: debug 9052 --- [restartedMain] o.s.w.s.handler.SimpleUrlHandlerMapping  : Mapped URL path [/**] onto handler of type [class org.springframework.web.servlet.resource.ResourceHttpRequestHandler]
2020-01-09 18:56:38.706 org.yliu.mui.mapper: debug 9052 --- [restartedMain] org.thymeleaf.templatemode.TemplateMode  : [THYMELEAF][restartedMain] Template Mode 'HTML5' is deprecated. Using Template Mode 'HTML' instead.
2020-01-09 18:56:38.765 org.yliu.mui.mapper: debug 9052 --- [restartedMain] o.s.b.d.a.OptionalLiveReloadServer       : LiveReload server is running on port 35729
2020-01-09 18:56:38.779 org.yliu.mui.mapper: debug 9052 --- [restartedMain] o.s.j.e.a.AnnotationMBeanExporter        : Registering beans for JMX exposure on startup
2020-01-09 18:56:38.779 org.yliu.mui.mapper: debug 9052 --- [restartedMain] o.s.j.e.a.AnnotationMBeanExporter        : Bean with name 'dataSource' has been autodetected for JMX exposure
2020-01-09 18:56:38.781 org.yliu.mui.mapper: debug 9052 --- [restartedMain] o.s.j.e.a.AnnotationMBeanExporter        : Located MBean 'dataSource': registering with JMX server as MBean [com.alibaba.druid.pool:name=dataSource,type=DruidDataSource]
2020-01-09 18:56:38.784 org.yliu.mui.mapper: debug 9052 --- [restartedMain] o.apache.catalina.core.StandardService   : Failed to start connector [Connector[HTTP/1.1-8088]]

org.apache.catalina.LifecycleException: Failed to start component [Connector[HTTP/1.1-8088]]
	at org.apache.catalina.util.LifecycleBase.start(LifecycleBase.java:167) ~[tomcat-embed-core-8.5.34.jar:8.5.34]
	at org.apache.catalina.core.StandardService.addConnector(StandardService.java:225) ~[tomcat-embed-core-8.5.34.jar:8.5.34]
	at org.springframework.boot.web.embedded.tomcat.TomcatWebServer.addPreviouslyRemovedConnectors(TomcatWebServer.java:261) [spring-boot-2.0.6.RELEASE.jar:2.0.6.RELEASE]
	at org.springframework.boot.web.embedded.tomcat.TomcatWebServer.start(TomcatWebServer.java:198) [spring-boot-2.0.6.RELEASE.jar:2.0.6.RELEASE]
	at org.springframework.boot.web.servlet.context.ServletWebServerApplicationContext.startWebServer(ServletWebServerApplicationContext.java:300) [spring-boot-2.0.6.RELEASE.jar:2.0.6.RELEASE]
	at org.springframework.boot.web.servlet.context.ServletWebServerApplicationContext.finishRefresh(ServletWebServerApplicationContext.java:162) [spring-boot-2.0.6.RELEASE.jar:2.0.6.RELEASE]
	at org.springframework.context.support.AbstractApplicationContext.refresh(AbstractApplicationContext.java:551) [spring-context-5.0.10.RELEASE.jar:5.0.10.RELEASE]
	at org.springframework.boot.web.servlet.context.ServletWebServerApplicationContext.refresh(ServletWebServerApplicationContext.java:140) [spring-boot-2.0.6.RELEASE.jar:2.0.6.RELEASE]
	at org.springframework.boot.SpringApplication.refresh(SpringApplication.java:754) [spring-boot-2.0.6.RELEASE.jar:2.0.6.RELEASE]
	at org.springframework.boot.SpringApplication.refreshContext(SpringApplication.java:386) [spring-boot-2.0.6.RELEASE.jar:2.0.6.RELEASE]
	at org.springframework.boot.SpringApplication.run(SpringApplication.java:307) [spring-boot-2.0.6.RELEASE.jar:2.0.6.RELEASE]
	at org.springframework.boot.SpringApplication.run(SpringApplication.java:1242) [spring-boot-2.0.6.RELEASE.jar:2.0.6.RELEASE]
	at org.springframework.boot.SpringApplication.run(SpringApplication.java:1230) [spring-boot-2.0.6.RELEASE.jar:2.0.6.RELEASE]
	at com.cointer.Application.main(Application.java:16) [classes/:na]
	at sun.reflect.NativeMethodAccessorImpl.invoke0(Native Method) ~[na:1.8.0_181]
	at sun.reflect.NativeMethodAccessorImpl.invoke(NativeMethodAccessorImpl.java:62) ~[na:1.8.0_181]
	at sun.reflect.DelegatingMethodAccessorImpl.invoke(DelegatingMethodAccessorImpl.java:43) ~[na:1.8.0_181]
	at java.lang.reflect.Method.invoke(Method.java:498) ~[na:1.8.0_181]
	at org.springframework.boot.devtools.restart.RestartLauncher.run(RestartLauncher.java:49) [spring-boot-devtools-2.0.6.RELEASE.jar:2.0.6.RELEASE]
Caused by: org.apache.catalina.LifecycleException: Protocol handler start failed
	at org.apache.catalina.connector.Connector.startInternal(Connector.java:1020) ~[tomcat-embed-core-8.5.34.jar:8.5.34]
	at org.apache.catalina.util.LifecycleBase.start(LifecycleBase.java:150) ~[tomcat-embed-core-8.5.34.jar:8.5.34]
	... 18 common frames omitted
Caused by: java.net.BindException: Address already in use: bind
	at sun.nio.ch.Net.bind0(Native Method) ~[na:1.8.0_181]
	at sun.nio.ch.Net.bind(Net.java:433) ~[na:1.8.0_181]
	at sun.nio.ch.Net.bind(Net.java:425) ~[na:1.8.0_181]
	at sun.nio.ch.ServerSocketChannelImpl.bind(ServerSocketChannelImpl.java:223) ~[na:1.8.0_181]
	at sun.nio.ch.ServerSocketAdaptor.bind(ServerSocketAdaptor.java:74) ~[na:1.8.0_181]
	at org.apache.tomcat.util.net.NioEndpoint.bind(NioEndpoint.java:219) ~[tomcat-embed-core-8.5.34.jar:8.5.34]
	at org.apache.tomcat.util.net.AbstractEndpoint.start(AbstractEndpoint.java:1151) ~[tomcat-embed-core-8.5.34.jar:8.5.34]
	at org.apache.coyote.AbstractProtocol.start(AbstractProtocol.java:591) ~[tomcat-embed-core-8.5.34.jar:8.5.34]
	at org.apache.catalina.connector.Connector.startInternal(Connector.java:1018) ~[tomcat-embed-core-8.5.34.jar:8.5.34]
	... 19 common frames omitted

2020-01-09 18:56:38.785 org.yliu.mui.mapper: debug 9052 --- [restartedMain] o.apache.catalina.core.StandardService   : Stopping service [Tomcat]
2020-01-09 18:56:38.789 org.yliu.mui.mapper: debug 9052 --- [restartedMain] ConditionEvaluationReportLoggingListener : 

Error starting ApplicationContext. To display the conditions report re-run your application with 'debug' enabled.
2020-01-09 18:56:38.790 org.yliu.mui.mapper: debug 9052 --- [restartedMain] o.s.b.d.LoggingFailureAnalysisReporter   : 

***************************
APPLICATION FAILED TO START
***************************

Description:

The Tomcat connector configured to listen on port 8088 failed to start. The port may already be in use or the connector may be misconfigured.

Action:

Verify the connector's configuration, identify and stop any process that's listening on port 8088, or configure this application to listen on another port.

2020-01-09 18:56:38.790 org.yliu.mui.mapper: debug 9052 --- [restartedMain] ConfigServletWebServerApplicationContext : Closing org.springframework.boot.web.servlet.context.AnnotationConfigServletWebServerApplicationContext@26e6e90c: startup date [Thu Jan 09 18:56:38 CST 2020]; root of context hierarchy
2020-01-09 18:56:38.792 org.yliu.mui.mapper: debug 9052 --- [restartedMain] o.s.j.e.a.AnnotationMBeanExporter        : Unregistering JMX-exposed beans on shutdown
2020-01-09 18:56:38.792 org.yliu.mui.mapper: debug 9052 --- [restartedMain] o.s.j.e.a.AnnotationMBeanExporter        : Unregistering JMX-exposed beans
